<?xml version="1.0" encoding="UTF-8"?>
<!-- Generated by org.testng.reporters.JUnitReportReporter -->
<testsuite skipped="0" hostname="Harish" name="qaclickacademy.Mavenjava.AppiumTest" tests="1" failures="0" timestamp="2021-12-29T10:26:19 IST" time="0.001" errors="0">
  <testcase name="IOS_APP" time="0.001" classname="qaclickacademy.Mavenjava.AppiumTest"/>
  <system-out/>
</testsuite> <!-- qaclickacademy.Mavenjava.AppiumTest -->
