<?xml version="1.0" encoding="UTF-8"?>
<!-- Generated by org.testng.reporters.JUnitReportReporter -->
<testsuite skipped="0" hostname="Harish" name="qaclickacademy.Mavenjava.AppTest" tests="1" failures="0" timestamp="2021-12-28T17:51:19 IST" time="0.023" errors="0">
  <testcase name="shouldAnswerWithTrue" time="0.023" classname="qaclickacademy.Mavenjava.AppTest"/>
  <system-out/>
</testsuite> <!-- qaclickacademy.Mavenjava.AppTest -->
